0 info it worked if it ends with ok
1 verbose cli [ '/usr/bin/node', '/usr/bin/npm', 'install', '-g', 'staticrypt' ]
2 info using npm@3.5.2
3 info using node@v8.10.0
4 silly loadCurrentTree Starting
5 silly install loadCurrentTree
6 silly install readGlobalPackageData
7 silly fetchPackageMetaData staticrypt
8 silly fetchNamedPackageData staticrypt
9 silly mapToRegistry name staticrypt
10 silly mapToRegistry using default registry
11 silly mapToRegistry registry https://registry.npmjs.org/
12 silly mapToRegistry uri https://registry.npmjs.org/staticrypt
13 verbose get https://registry.npmjs.org/staticrypt not expired, no request
14 silly install normalizeTree
15 silly loadCurrentTree Finishing
16 silly loadIdealTree Starting
17 silly install loadIdealTree
18 silly cloneCurrentTree Starting
19 silly install cloneCurrentTreeToIdealTree
20 silly cloneCurrentTree Finishing
21 silly loadShrinkwrap Starting
22 silly install loadShrinkwrap
23 silly loadShrinkwrap Finishing
24 silly loadAllDepsIntoIdealTree Starting
25 silly install loadAllDepsIntoIdealTree
26 silly resolveWithNewModule staticrypt@1.3.2 checking installable status
27 silly cache add args [ 'staticrypt', null ]
28 verbose cache add spec staticrypt
29 silly cache add parsed spec Result {
29 silly cache add   raw: 'staticrypt',
29 silly cache add   scope: null,
29 silly cache add   name: 'staticrypt',
29 silly cache add   rawSpec: '',
29 silly cache add   spec: 'latest',
29 silly cache add   type: 'tag' }
30 silly addNamed staticrypt@latest
31 verbose addNamed "latest" is being treated as a dist-tag for staticrypt
32 info addNameTag [ 'staticrypt', 'latest' ]
33 silly mapToRegistry name staticrypt
34 silly mapToRegistry using default registry
35 silly mapToRegistry registry https://registry.npmjs.org/
36 silly mapToRegistry uri https://registry.npmjs.org/staticrypt
37 verbose addNameTag registry:https://registry.npmjs.org/staticrypt not in flight; fetching
38 verbose get https://registry.npmjs.org/staticrypt not expired, no request
39 silly addNameTag next cb for staticrypt with tag latest
40 silly addNamed staticrypt@1.3.2
41 verbose addNamed "1.3.2" is a plain semver version for staticrypt
42 silly cache afterAdd staticrypt@1.3.2
43 verbose afterAdd /home/amit/.npm/staticrypt/1.3.2/package/package.json not in flight; writing
44 verbose afterAdd /home/amit/.npm/staticrypt/1.3.2/package/package.json written
45 silly fetchNamedPackageData crypto-js
46 silly mapToRegistry name crypto-js
47 silly mapToRegistry using default registry
48 silly mapToRegistry registry https://registry.npmjs.org/
49 silly mapToRegistry uri https://registry.npmjs.org/crypto-js
50 silly fetchNamedPackageData yargs
51 silly mapToRegistry name yargs
52 silly mapToRegistry using default registry
53 silly mapToRegistry registry https://registry.npmjs.org/
54 silly mapToRegistry uri https://registry.npmjs.org/yargs
55 verbose get https://registry.npmjs.org/crypto-js not expired, no request
56 silly resolveWithNewModule crypto-js@4.0.0 checking installable status
57 silly cache add args [ 'crypto-js@>=3.1.9-1', null ]
58 verbose cache add spec crypto-js@>=3.1.9-1
59 silly cache add parsed spec Result {
59 silly cache add   raw: 'crypto-js@>=3.1.9-1',
59 silly cache add   scope: null,
59 silly cache add   name: 'crypto-js',
59 silly cache add   rawSpec: '>=3.1.9-1',
59 silly cache add   spec: '>=3.1.9-1',
59 silly cache add   type: 'range' }
60 silly addNamed crypto-js@>=3.1.9-1
61 verbose addNamed ">=3.1.9-1" is a valid semver range for crypto-js
62 silly addNameRange { name: 'crypto-js', range: '>=3.1.9-1', hasData: false }
63 silly mapToRegistry name crypto-js
64 silly mapToRegistry using default registry
65 silly mapToRegistry registry https://registry.npmjs.org/
66 silly mapToRegistry uri https://registry.npmjs.org/crypto-js
67 verbose addNameRange registry:https://registry.npmjs.org/crypto-js not in flight; fetching
68 verbose get https://registry.npmjs.org/yargs not expired, no request
69 verbose stack Error: Missing required argument #1
69 verbose stack     at andLogAndFinish (/usr/share/npm/lib/fetch-package-metadata.js:31:3)
69 verbose stack     at fetchPackageMetadata (/usr/share/npm/lib/fetch-package-metadata.js:51:22)
69 verbose stack     at resolveWithNewModule (/usr/share/npm/lib/install/deps.js:456:12)
69 verbose stack     at /usr/share/npm/lib/install/deps.js:457:7
69 verbose stack     at /usr/share/npm/node_modules/iferr/index.js:13:50
69 verbose stack     at /usr/share/npm/lib/fetch-package-metadata.js:37:12
69 verbose stack     at addRequestedAndFinish (/usr/share/npm/lib/fetch-package-metadata.js:82:5)
69 verbose stack     at returnAndAddMetadata (/usr/share/npm/lib/fetch-package-metadata.js:117:7)
69 verbose stack     at pickVersionFromRegistryDocument (/usr/share/npm/lib/fetch-package-metadata.js:134:20)
69 verbose stack     at /usr/share/npm/node_modules/iferr/index.js:13:50
70 verbose cwd /home/amit/Work/Projects/Useful_Material/FinalSlides/DestinationFolder
71 error Linux 5.4.0-58-generic
72 error argv "/usr/bin/node" "/usr/bin/npm" "install" "-g" "staticrypt"
73 error node v8.10.0
74 error npm  v3.5.2
75 error code EMISSINGARG
76 error typeerror Error: Missing required argument #1
76 error typeerror     at andLogAndFinish (/usr/share/npm/lib/fetch-package-metadata.js:31:3)
76 error typeerror     at fetchPackageMetadata (/usr/share/npm/lib/fetch-package-metadata.js:51:22)
76 error typeerror     at resolveWithNewModule (/usr/share/npm/lib/install/deps.js:456:12)
76 error typeerror     at /usr/share/npm/lib/install/deps.js:457:7
76 error typeerror     at /usr/share/npm/node_modules/iferr/index.js:13:50
76 error typeerror     at /usr/share/npm/lib/fetch-package-metadata.js:37:12
76 error typeerror     at addRequestedAndFinish (/usr/share/npm/lib/fetch-package-metadata.js:82:5)
76 error typeerror     at returnAndAddMetadata (/usr/share/npm/lib/fetch-package-metadata.js:117:7)
76 error typeerror     at pickVersionFromRegistryDocument (/usr/share/npm/lib/fetch-package-metadata.js:134:20)
76 error typeerror     at /usr/share/npm/node_modules/iferr/index.js:13:50
77 error typeerror This is an error with npm itself. Please report this error at:
77 error typeerror     <http://github.com/npm/npm/issues>
78 verbose exit [ 1, true ]
